<?xml version="1.0" encoding="UTF-8"?>
<testsuite name="org.example.springboot.web.IndexControllerTest" tests="1" skipped="0" failures="1" errors="0" timestamp="2022-04-26T02:42:31" hostname="JUNBEOM-AN" time="0.249">
  <properties/>
  <testcase name="load_mainpage" classname="org.example.springboot.web.IndexControllerTest" time="0.249">
    <failure message="java.lang.AssertionError: &#13;&#10;Expecting:&#13;&#10; &lt;&quot;&lt;!DOCTYPE HTML&gt;&#13;&#10;&lt;html&gt;&#13;&#10;    &lt;head&gt;&#13;&#10;        &lt;title&gt;스프링 부트 웹서비스&lt;/title&gt;&#13;&#10;        &lt;meta http-equiv=&quot;content-type&quot; content=&quot;text/html;charset=UTF-8&quot; /&gt;&#13;&#10;        &lt;link rel=&quot;stylesheet&quot; href=&quot;https://stackpath.bootstrapcdn.com/bootstrap/4.3.1/css/bootstrap.min.css&quot;&gt;&#13;&#10;    &lt;/head&gt;&#13;&#10;    &lt;body&gt;&#13;&#10;&#13;&#10;&lt;h1&gt;스프링 부트로 시작하는 웹 서비스&lt;/h1&gt;&#13;&#10;&lt;div class=&quot;col-md-12&quot;&gt;&#13;&#10;    &lt;!-- 로그인 기능 영역 --&gt;&#13;&#10;    &lt;div class=&quot;row&quot;&gt;&#13;&#10;        &lt;div class=&quot;col-md-6&quot;&gt;&#13;&#10;            &lt;a href=&quot;/posts/save&quot; role=&quot;button&quot; class=&quot;btn btn-primary&quot;&gt;글 등록&lt;/a&gt;&#13;&#10;                &lt;a href=&quot;/oauth2/authorization/google&quot; class=&quot;btn btn-success active&quot; role=&quot;button&quot;&gt;Google Login&lt;/a&gt;&#13;&#10;                &lt;a href=&quot;/oauth2/authorization/naver&quot; class=&quot;btn btn-secondary active&quot; role=&quot;button&quot;&gt;Naver Login&lt;/a&gt;&#13;&#10;        &lt;/div&gt;&#13;&#10;    &lt;/div&gt;&#13;&#10;    &lt;br&gt;&#13;&#10;    &lt;!-- 목록 출력 영역 --&gt;&#13;&#10;    &lt;table class=&quot;table table-horizontal table-bordered&quot;&gt;&#13;&#10;        &lt;thead class=&quot;thead-strong&quot;&gt;&#13;&#10;            &lt;tr&gt;&#13;&#10;                &lt;th&gt;게시글번호&lt;/th&gt;&#13;&#10;                &lt;th&gt;제목&lt;/th&gt;&#13;&#10;                &lt;th&gt;작성자&lt;/th&gt;&#13;&#10;                &lt;th&gt;최종수정일&lt;/th&gt;&#13;&#10;            &lt;/tr&gt;&#13;&#10;        &lt;/thead&gt;&#13;&#10;        &lt;tbody id=&quot;tbody&quot;&gt;&#13;&#10;        &lt;/tbody&gt;&#13;&#10;    &lt;/table&gt;&#13;&#10;&lt;/div&gt;&#13;&#10;        &lt;script src=&quot;https://code.jquery.com/jquery-3.3.1.min.js&quot;&gt;&lt;/script&gt;&#13;&#10;        &lt;script src=&quot;https://stackpath.bootstrapcdn.com/bootstrap/4.3.1/js/bootstrap.min.js&quot;&gt;&lt;/script&gt;&#13;&#10;        &lt;script src=&quot;/js/app/index.js&quot;&gt;&lt;/script&gt;&#13;&#10;    &lt;/body&gt;&#13;&#10;&lt;/html&gt;&quot;&gt;&#13;&#10;to contain:&#13;&#10; &lt;&quot;Webservice spring boot&quot;&gt; " type="java.lang.AssertionError">java.lang.AssertionError: 
Expecting:
 &lt;&quot;&lt;!DOCTYPE HTML&gt;
&lt;html&gt;
    &lt;head&gt;
        &lt;title&gt;스프링 부트 웹서비스&lt;/title&gt;
        &lt;meta http-equiv=&quot;content-type&quot; content=&quot;text/html;charset=UTF-8&quot; /&gt;
        &lt;link rel=&quot;stylesheet&quot; href=&quot;https://stackpath.bootstrapcdn.com/bootstrap/4.3.1/css/bootstrap.min.css&quot;&gt;
    &lt;/head&gt;
    &lt;body&gt;

&lt;h1&gt;스프링 부트로 시작하는 웹 서비스&lt;/h1&gt;
&lt;div class=&quot;col-md-12&quot;&gt;
    &lt;!-- 로그인 기능 영역 --&gt;
    &lt;div class=&quot;row&quot;&gt;
        &lt;div class=&quot;col-md-6&quot;&gt;
            &lt;a href=&quot;/posts/save&quot; role=&quot;button&quot; class=&quot;btn btn-primary&quot;&gt;글 등록&lt;/a&gt;
                &lt;a href=&quot;/oauth2/authorization/google&quot; class=&quot;btn btn-success active&quot; role=&quot;button&quot;&gt;Google Login&lt;/a&gt;
                &lt;a href=&quot;/oauth2/authorization/naver&quot; class=&quot;btn btn-secondary active&quot; role=&quot;button&quot;&gt;Naver Login&lt;/a&gt;
        &lt;/div&gt;
    &lt;/div&gt;
    &lt;br&gt;
    &lt;!-- 목록 출력 영역 --&gt;
    &lt;table class=&quot;table table-horizontal table-bordered&quot;&gt;
        &lt;thead class=&quot;thead-strong&quot;&gt;
            &lt;tr&gt;
                &lt;th&gt;게시글번호&lt;/th&gt;
                &lt;th&gt;제목&lt;/th&gt;
                &lt;th&gt;작성자&lt;/th&gt;
                &lt;th&gt;최종수정일&lt;/th&gt;
            &lt;/tr&gt;
        &lt;/thead&gt;
        &lt;tbody id=&quot;tbody&quot;&gt;
        &lt;/tbody&gt;
    &lt;/table&gt;
&lt;/div&gt;
        &lt;script src=&quot;https://code.jquery.com/jquery-3.3.1.min.js&quot;&gt;&lt;/script&gt;
        &lt;script src=&quot;https://stackpath.bootstrapcdn.com/bootstrap/4.3.1/js/bootstrap.min.js&quot;&gt;&lt;/script&gt;
        &lt;script src=&quot;/js/app/index.js&quot;&gt;&lt;/script&gt;
    &lt;/body&gt;
&lt;/html&gt;&quot;&gt;
to contain:
 &lt;&quot;Webservice spring boot&quot;&gt; 
	at org.example.springboot.web.IndexControllerTest.load_mainpage(IndexControllerTest.java:23)
	at java.base/jdk.internal.reflect.NativeMethodAccessorImpl.invoke0(Native Method)
	at java.base/jdk.internal.reflect.NativeMethodAccessorImpl.invoke(NativeMethodAccessorImpl.java:62)
	at java.base/jdk.internal.reflect.DelegatingMethodAccessorImpl.invoke(DelegatingMethodAccessorImpl.java:43)
	at java.base/java.lang.reflect.Method.invoke(Method.java:566)
	at org.junit.runners.model.FrameworkMethod$1.runReflectiveCall(FrameworkMethod.java:50)
	at org.junit.internal.runners.model.ReflectiveCallable.run(ReflectiveCallable.java:12)
	at org.junit.runners.model.FrameworkMethod.invokeExplosively(FrameworkMethod.java:47)
	at org.junit.internal.runners.statements.InvokeMethod.evaluate(InvokeMethod.java:17)
	at org.springframework.test.context.junit4.statements.RunBeforeTestExecutionCallbacks.evaluate(RunBeforeTestExecutionCallbacks.java:74)
	at org.springframework.test.context.junit4.statements.RunAfterTestExecutionCallbacks.evaluate(RunAfterTestExecutionCallbacks.java:84)
	at org.springframework.test.context.junit4.statements.RunBeforeTestMethodCallbacks.evaluate(RunBeforeTestMethodCallbacks.java:75)
	at org.springframework.test.context.junit4.statements.RunAfterTestMethodCallbacks.evaluate(RunAfterTestMethodCallbacks.java:86)
	at org.springframework.test.context.junit4.statements.SpringRepeat.evaluate(SpringRepeat.java:84)
	at org.junit.runners.ParentRunner.runLeaf(ParentRunner.java:325)
	at org.springframework.test.context.junit4.SpringJUnit4ClassRunner.runChild(SpringJUnit4ClassRunner.java:251)
	at org.springframework.test.context.junit4.SpringJUnit4ClassRunner.runChild(SpringJUnit4ClassRunner.java:97)
	at org.junit.runners.ParentRunner$3.run(ParentRunner.java:290)
	at org.junit.runners.ParentRunner$1.schedule(ParentRunner.java:71)
	at org.junit.runners.ParentRunner.runChildren(ParentRunner.java:288)
	at org.junit.runners.ParentRunner.access$000(ParentRunner.java:58)
	at org.junit.runners.ParentRunner$2.evaluate(ParentRunner.java:268)
	at org.springframework.test.context.junit4.statements.RunBeforeTestClassCallbacks.evaluate(RunBeforeTestClassCallbacks.java:61)
	at org.springframework.test.context.junit4.statements.RunAfterTestClassCallbacks.evaluate(RunAfterTestClassCallbacks.java:70)
	at org.junit.runners.ParentRunner.run(ParentRunner.java:363)
	at org.springframework.test.context.junit4.SpringJUnit4ClassRunner.run(SpringJUnit4ClassRunner.java:190)
	at org.gradle.api.internal.tasks.testing.junit.JUnitTestClassExecutor.runTestClass(JUnitTestClassExecutor.java:110)
	at org.gradle.api.internal.tasks.testing.junit.JUnitTestClassExecutor.execute(JUnitTestClassExecutor.java:58)
	at org.gradle.api.internal.tasks.testing.junit.JUnitTestClassExecutor.execute(JUnitTestClassExecutor.java:38)
	at org.gradle.api.internal.tasks.testing.junit.AbstractJUnitTestClassProcessor.processTestClass(AbstractJUnitTestClassProcessor.java:62)
	at org.gradle.api.internal.tasks.testing.SuiteTestClassProcessor.processTestClass(SuiteTestClassProcessor.java:51)
	at java.base/jdk.internal.reflect.NativeMethodAccessorImpl.invoke0(Native Method)
	at java.base/jdk.internal.reflect.NativeMethodAccessorImpl.invoke(NativeMethodAccessorImpl.java:62)
	at java.base/jdk.internal.reflect.DelegatingMethodAccessorImpl.invoke(DelegatingMethodAccessorImpl.java:43)
	at java.base/java.lang.reflect.Method.invoke(Method.java:566)
	at org.gradle.internal.dispatch.ReflectionDispatch.dispatch(ReflectionDispatch.java:36)
	at org.gradle.internal.dispatch.ReflectionDispatch.dispatch(ReflectionDispatch.java:24)
	at org.gradle.internal.dispatch.ContextClassLoaderDispatch.dispatch(ContextClassLoaderDispatch.java:33)
	at org.gradle.internal.dispatch.ProxyDispatchAdapter$DispatchingInvocationHandler.invoke(ProxyDispatchAdapter.java:94)
	at com.sun.proxy.$Proxy2.processTestClass(Unknown Source)
	at org.gradle.api.internal.tasks.testing.worker.TestWorker$2.run(TestWorker.java:176)
	at org.gradle.api.internal.tasks.testing.worker.TestWorker.executeAndMaintainThreadName(TestWorker.java:129)
	at org.gradle.api.internal.tasks.testing.worker.TestWorker.execute(TestWorker.java:100)
	at org.gradle.api.internal.tasks.testing.worker.TestWorker.execute(TestWorker.java:60)
	at org.gradle.process.internal.worker.child.ActionExecutionWorker.execute(ActionExecutionWorker.java:56)
	at org.gradle.process.internal.worker.child.SystemApplicationClassLoaderWorker.call(SystemApplicationClassLoaderWorker.java:133)
	at org.gradle.process.internal.worker.child.SystemApplicationClassLoaderWorker.call(SystemApplicationClassLoaderWorker.java:71)
	at worker.org.gradle.process.internal.worker.GradleWorkerMain.run(GradleWorkerMain.java:69)
	at worker.org.gradle.process.internal.worker.GradleWorkerMain.main(GradleWorkerMain.java:74)
</failure>
  </testcase>
  <system-out><![CDATA[2022-04-26 11:42:27.364  INFO 19992 --- [    Test worker] .b.t.c.SpringBootTestContextBootstrapper : Neither @ContextConfiguration nor @ContextHierarchy found for test class [org.example.springboot.web.IndexControllerTest], using SpringBootContextLoader
2022-04-26 11:42:27.364  INFO 19992 --- [    Test worker] o.s.t.c.support.AbstractContextLoader    : Could not detect default resource locations for test class [org.example.springboot.web.IndexControllerTest]: no resource found for suffixes {-context.xml, Context.groovy}.
2022-04-26 11:42:27.364  INFO 19992 --- [    Test worker] t.c.s.AnnotationConfigContextLoaderUtils : Could not detect default configuration classes for test class [org.example.springboot.web.IndexControllerTest]: IndexControllerTest does not declare any static, non-private, non-final, nested classes annotated with @Configuration.
2022-04-26 11:42:27.364  INFO 19992 --- [    Test worker] .b.t.c.SpringBootTestContextBootstrapper : Found @SpringBootConfiguration org.example.springboot.Application for test class org.example.springboot.web.IndexControllerTest
2022-04-26 11:42:27.364  INFO 19992 --- [    Test worker] .b.t.c.SpringBootTestContextBootstrapper : Loaded default TestExecutionListener class names from location [META-INF/spring.factories]: [org.springframework.security.test.context.support.WithSecurityContextTestExecutionListener, org.springframework.security.test.context.support.ReactorContextTestExecutionListener, org.springframework.boot.test.autoconfigure.restdocs.RestDocsTestExecutionListener, org.springframework.boot.test.autoconfigure.web.client.MockRestServiceServerResetTestExecutionListener, org.springframework.boot.test.autoconfigure.web.servlet.MockMvcPrintOnlyOnFailureTestExecutionListener, org.springframework.boot.test.autoconfigure.web.servlet.WebDriverTestExecutionListener, org.springframework.boot.test.mock.mockito.MockitoTestExecutionListener, org.springframework.boot.test.mock.mockito.ResetMocksTestExecutionListener, org.springframework.test.context.web.ServletTestExecutionListener, org.springframework.test.context.support.DirtiesContextBeforeModesTestExecutionListener, org.springframework.test.context.support.DependencyInjectionTestExecutionListener, org.springframework.test.context.support.DirtiesContextTestExecutionListener, org.springframework.test.context.transaction.TransactionalTestExecutionListener, org.springframework.test.context.jdbc.SqlScriptsTestExecutionListener]
2022-04-26 11:42:27.364  INFO 19992 --- [    Test worker] .b.t.c.SpringBootTestContextBootstrapper : Using TestExecutionListeners: [org.springframework.test.context.web.ServletTestExecutionListener@2ae5bd34, org.springframework.test.context.support.DirtiesContextBeforeModesTestExecutionListener@2b3f7704, org.springframework.boot.test.mock.mockito.MockitoTestExecutionListener@3a16984c, org.springframework.boot.test.autoconfigure.SpringBootDependencyInjectionTestExecutionListener@3db1ce78, org.springframework.test.context.support.DirtiesContextTestExecutionListener@3a3ad8e7, org.springframework.test.context.transaction.TransactionalTestExecutionListener@6a6d1ff3, org.springframework.test.context.jdbc.SqlScriptsTestExecutionListener@64b73e0a, org.springframework.security.test.context.support.WithSecurityContextTestExecutionListener@57c6feea, org.springframework.security.test.context.support.ReactorContextTestExecutionListener@3b57f915, org.springframework.boot.test.autoconfigure.restdocs.RestDocsTestExecutionListener@39c7fb0b, org.springframework.boot.test.autoconfigure.web.client.MockRestServiceServerResetTestExecutionListener@645dc557, org.springframework.boot.test.autoconfigure.web.servlet.MockMvcPrintOnlyOnFailureTestExecutionListener@48c5698, org.springframework.boot.test.autoconfigure.web.servlet.WebDriverTestExecutionListener@17884d, org.springframework.boot.test.mock.mockito.ResetMocksTestExecutionListener@68e24e7]

  .   ____          _            __ _ _
 /\\ / ___'_ __ _ _(_)_ __  __ _ \ \ \ \
( ( )\___ | '_ | '_| | '_ \/ _` | \ \ \ \
 \\/  ___)| |_)| | | | | || (_| |  ) ) ) )
  '  |____| .__|_| |_|_| |_\__, | / / / /
 =========|_|==============|___/=/_/_/_/
 :: Spring Boot ::        (v2.1.9.RELEASE)

2022-04-26 11:42:27.422  INFO 19992 --- [    Test worker] o.e.springboot.web.IndexControllerTest   : Starting IndexControllerTest on JUNBEOM-AN with PID 19992 (started by junbeom.an in C:\Users\junbeom.an\Desktop\fo4\spring-mini-project\spring-prac)
2022-04-26 11:42:27.422  INFO 19992 --- [    Test worker] o.e.springboot.web.IndexControllerTest   : The following profiles are active: oauth
2022-04-26 11:42:27.770  INFO 19992 --- [    Test worker] .s.d.r.c.RepositoryConfigurationDelegate : Bootstrapping Spring Data repositories in DEFAULT mode.
2022-04-26 11:42:27.848  INFO 19992 --- [    Test worker] .s.d.r.c.RepositoryConfigurationDelegate : Finished Spring Data repository scanning in 78ms. Found 2 repository interfaces.
2022-04-26 11:42:28.067  INFO 19992 --- [    Test worker] trationDelegate$BeanPostProcessorChecker : Bean 'org.springframework.transaction.annotation.ProxyTransactionManagementConfiguration' of type [org.springframework.transaction.annotation.ProxyTransactionManagementConfiguration$$EnhancerBySpringCGLIB$$6c111a15] is not eligible for getting processed by all BeanPostProcessors (for example: not eligible for auto-proxying)
2022-04-26 11:42:28.364  INFO 19992 --- [    Test worker] o.s.b.w.embedded.tomcat.TomcatWebServer  : Tomcat initialized with port(s): 0 (http)
2022-04-26 11:42:28.380  INFO 19992 --- [    Test worker] o.apache.catalina.core.StandardService   : Starting service [Tomcat]
2022-04-26 11:42:28.380  INFO 19992 --- [    Test worker] org.apache.catalina.core.StandardEngine  : Starting Servlet engine: [Apache Tomcat/9.0.26]
2022-04-26 11:42:28.880  INFO 19992 --- [    Test worker] o.a.c.c.C.[Tomcat].[localhost].[/]       : Initializing Spring embedded WebApplicationContext
2022-04-26 11:42:28.880  INFO 19992 --- [    Test worker] o.s.web.context.ContextLoader            : Root WebApplicationContext: initialization completed in 1453 ms
2022-04-26 11:42:29.146  INFO 19992 --- [    Test worker] com.zaxxer.hikari.HikariDataSource       : HikariPool-1 - Starting...
2022-04-26 11:42:29.317  INFO 19992 --- [    Test worker] com.zaxxer.hikari.HikariDataSource       : HikariPool-1 - Start completed.
2022-04-26 11:42:29.474  INFO 19992 --- [    Test worker] o.hibernate.jpa.internal.util.LogHelper  : HHH000204: Processing PersistenceUnitInfo [
	name: default
	...]
2022-04-26 11:42:29.552  INFO 19992 --- [    Test worker] org.hibernate.Version                    : HHH000412: Hibernate Core {5.3.12.Final}
2022-04-26 11:42:29.552  INFO 19992 --- [    Test worker] org.hibernate.cfg.Environment            : HHH000206: hibernate.properties not found
2022-04-26 11:42:29.617  INFO 19992 --- [    Test worker] o.hibernate.annotations.common.Version   : HCANN000001: Hibernate Commons Annotations {5.0.4.Final}
2022-04-26 11:42:29.802  INFO 19992 --- [    Test worker] org.hibernate.dialect.Dialect            : HHH000400: Using dialect: org.hibernate.dialect.MySQL5InnoDBDialect
Hibernate: drop table if exists posts
Hibernate: drop table if exists user
Hibernate: create table posts (id bigint not null auto_increment, created_date datetime, modified_date datetime, author varchar(255), content TEXT not null, title varchar(500) not null, primary key (id)) engine=InnoDB
Hibernate: create table user (id bigint not null auto_increment, created_date datetime, modified_date datetime, email varchar(255) not null, name varchar(255) not null, picture varchar(255), role varchar(255) not null, primary key (id)) engine=InnoDB
2022-04-26 11:42:30.427  INFO 19992 --- [    Test worker] o.h.t.schema.internal.SchemaCreatorImpl  : HHH000476: Executing import script 'org.hibernate.tool.schema.internal.exec.ScriptSourceInputNonExistentImpl@79169472'
2022-04-26 11:42:30.442  INFO 19992 --- [    Test worker] j.LocalContainerEntityManagerFactoryBean : Initialized JPA EntityManagerFactory for persistence unit 'default'
2022-04-26 11:42:31.036  INFO 19992 --- [    Test worker] o.h.h.i.QueryTranslatorFactoryInitiator  : HHH000397: Using ASTQueryTranslatorFactory
2022-04-26 11:42:31.318  INFO 19992 --- [    Test worker] o.s.s.web.DefaultSecurityFilterChain     : Creating filter chain: any request, [org.springframework.security.web.context.request.async.WebAsyncManagerIntegrationFilter@526a1b51, org.springframework.security.web.context.SecurityContextPersistenceFilter@1ced1fb9, org.springframework.security.web.header.HeaderWriterFilter@413a2520, org.springframework.security.web.authentication.logout.LogoutFilter@31e3b882, org.springframework.security.oauth2.client.web.OAuth2AuthorizationRequestRedirectFilter@560e1459, org.springframework.security.oauth2.client.web.OAuth2LoginAuthenticationFilter@3a33d655, org.springframework.security.web.authentication.ui.DefaultLoginPageGeneratingFilter@4587675c, org.springframework.security.web.authentication.ui.DefaultLogoutPageGeneratingFilter@4f45290f, org.springframework.security.web.savedrequest.RequestCacheAwareFilter@5d28e108, org.springframework.security.web.servletapi.SecurityContextHolderAwareRequestFilter@4d2bcca8, org.springframework.security.web.authentication.AnonymousAuthenticationFilter@70c6c6a7, org.springframework.security.web.session.SessionManagementFilter@39d62e47, org.springframework.security.web.access.ExceptionTranslationFilter@138a51d5, org.springframework.security.web.access.intercept.FilterSecurityInterceptor@159e9629]
2022-04-26 11:42:31.474  INFO 19992 --- [    Test worker] o.s.s.concurrent.ThreadPoolTaskExecutor  : Initializing ExecutorService 'applicationTaskExecutor'
2022-04-26 11:42:31.489  WARN 19992 --- [    Test worker] aWebConfiguration$JpaWebMvcConfiguration : spring.jpa.open-in-view is enabled by default. Therefore, database queries may be performed during view rendering. Explicitly configure spring.jpa.open-in-view to disable this warning
2022-04-26 11:42:31.505  INFO 19992 --- [    Test worker] o.s.b.a.w.s.WelcomePageHandlerMapping    : Adding welcome page template: index
2022-04-26 11:42:31.755  INFO 19992 --- [    Test worker] s.a.ScheduledAnnotationBeanPostProcessor : No TaskScheduler/ScheduledExecutorService bean found for scheduled processing
2022-04-26 11:42:31.786  INFO 19992 --- [    Test worker] o.s.b.w.embedded.tomcat.TomcatWebServer  : Tomcat started on port(s): 55340 (http) with context path ''
2022-04-26 11:42:31.786  INFO 19992 --- [    Test worker] o.e.springboot.web.IndexControllerTest   : Started IndexControllerTest in 4.406 seconds (JVM running for 9.319)
2022-04-26 11:42:31.864  INFO 19992 --- [o-auto-1-exec-1] o.a.c.c.C.[Tomcat].[localhost].[/]       : Initializing Spring DispatcherServlet 'dispatcherServlet'
2022-04-26 11:42:31.864  INFO 19992 --- [o-auto-1-exec-1] o.s.web.servlet.DispatcherServlet        : Initializing Servlet 'dispatcherServlet'
2022-04-26 11:42:31.880  INFO 19992 --- [o-auto-1-exec-1] o.s.web.servlet.DispatcherServlet        : Completed initialization in 16 ms
Hibernate: select posts0_.id as id1_0_, posts0_.created_date as created_2_0_, posts0_.modified_date as modified3_0_, posts0_.author as author4_0_, posts0_.content as content5_0_, posts0_.title as title6_0_ from posts posts0_ order by posts0_.id DESC
]]></system-out>
  <system-err><![CDATA[]]></system-err>
</testsuite>
